<?xml version="1.0" encoding="UTF-8"?>
<testsuite xmlns:xsi="http://www.w3.org/2001/XMLSchema-instance" xsi:noNamespaceSchemaLocation="https://maven.apache.org/surefire/maven-surefire-plugin/xsd/surefire-test-report-3.0.xsd" version="3.0" name="MyUtilsTest" time="0.122" tests="4" errors="0" skipped="0" failures="0">
  <properties>
[...]
</properties>
  <testcase name="testFactorialNegatiu" classname="MyUtilsTest" time="0.059"/>
  <testcase name="testFactorial" classname="MyUtilsTest" time="0.003"/>
  <testcase name="testEsTraspas" classname="MyUtilsTest" time="0.003"/>
  <testcase name="testEsPrimer" classname="MyUtilsTest" time="0.002"/>
</testsuite>